<?xml version="1.0" encoding="UTF-8"?>
<!-- Generated by org.testng.reporters.JUnitReportReporter -->
<testsuite hostname="DESKTOP-MC7UQM0" failures="0" tests="1" name="com.testcase.CreateContact" time="63.962" errors="0" timestamp="2024-01-06T11:14:35 IST" skipped="0">
  <testcase classname="com.testcase.CreateContact" name="createContact" time="63.962"/>
</testsuite> <!-- com.testcase.CreateContact -->
