<?xml version="1.0" encoding="UTF-8"?>
<!-- Generated by org.testng.reporters.JUnitReportReporter -->
<testsuite hostname="DESKTOP-GEA9L1T" failures="0" tests="1" name="features.contactInsights.FilterContactFeature" time="49.196" errors="0" timestamp="2024-01-29T11:31:44 IST" skipped="0">
  <testcase classname="features.contactInsights.FilterContactFeature" name="testUserCanSeeFilterOptionOnContactInsightsPage" time="49.196"/>
  <system-out/>
</testsuite> <!-- features.contactInsights.FilterContactFeature -->
