<?xml version="1.0" encoding="UTF-8"?>
<!-- Generated by org.testng.reporters.JUnitReportReporter -->
<testsuite hostname="DESKTOP-MC7UQM0" failures="0" tests="1" name="com.testcase.WaymorePageLogin" time="14.180" errors="0" timestamp="2024-01-03T20:53:08 IST" skipped="0">
  <testcase classname="com.testcase.WaymorePageLogin" name="Login" time="14.180"/>
</testsuite> <!-- com.testcase.WaymorePageLogin -->
