<?xml version="1.0" encoding="UTF-8"?>
<!-- Generated by org.testng.reporters.JUnitReportReporter -->
<testsuite hostname="DESKTOP-MC7UQM0" failures="0" tests="1" name="com.testcase.CreateContact" time="62.187" errors="0" timestamp="2024-01-09T21:04:16 IST" skipped="0">
  <testcase classname="com.testcase.CreateContact" name="createContact" time="62.187"/>
</testsuite> <!-- com.testcase.CreateContact -->
