<?xml version="1.0" encoding="UTF-8"?>
<!-- Generated by org.testng.reporters.JUnitReportReporter -->
<testsuite hostname="DESKTOP-MC7UQM0" failures="0" tests="1" name="com.testcase.LoginInSteps" time="16.341" errors="0" timestamp="2023-12-29T18:36:14 IST" skipped="0">
  <testcase classname="com.testcase.LoginInSteps" name="testLogin" time="16.341"/>
</testsuite> <!-- com.testcase.LoginInSteps -->
