<?xml version="1.0" encoding="UTF-8"?>
<!-- Generated by org.testng.reporters.JUnitReportReporter -->
<testsuite hostname="DESKTOP-MC7UQM0" failures="0" tests="1" name="features.contactInsights.FilterContactFeature" time="117.526" errors="0" timestamp="2024-01-19T17:56:11 IST" skipped="0">
  <testcase classname="features.contactInsights.FilterContactFeature" name="theUserCanDeleteFilteringConditionsInTheFilterContactsDialog" time="117.526"/>
</testsuite> <!-- features.contactInsights.FilterContactFeature -->
