<?xml version="1.0" encoding="UTF-8"?>
<!-- Generated by org.testng.reporters.JUnitReportReporter -->
<testsuite hostname="DESKTOP-GEA9L1T" failures="0" tests="1" name="features.contactInsights.SearchContactsByUsingSearchContactsInput" time="68.062" errors="0" timestamp="2024-02-03T12:14:12 IST" skipped="0">
  <testcase classname="features.contactInsights.SearchContactsByUsingSearchContactsInput" name="theUserCanSearchContactsByEnteringSpecialCharactersInTheInputField" time="68.062"/>
  <system-out/>
</testsuite> <!-- features.contactInsights.SearchContactsByUsingSearchContactsInput -->
